2022-12-26

版本1.2.0 → 1.2.1

1、优化了选择账号的逻辑

2、添加了备注的功能，点击修改备注按钮可以修改列表上显示的内容（下次打开软件生效）

----------

2022-12-25

版本1.2.0 → 1.2.1 Beta

1、优化了获取账号列表的逻辑

----------------------------------

2022-12-22

版本1.1.2 → 1.2.0

1、重制UI界面，借鉴了steam新版登录器的ui

2、增加了选择账号列表中显示头像的功能

3、更新了自动退出程序的函数，让自动退出程序更加灵敏

4、账号选择框默认关闭了输入功能，所以现在可以点击一整行打开列表了，不用点击右边按钮

5、账号选择框在最后一项增加了手动输入账号的选项，选择它可以打开输入框的输入功能

6、更新了关闭已经打开的steam程序的逻辑，可以和killSteam.bat说bye了

7、添加了主页上的作者署名和自定义标题栏，点击这两个地方可以打开这个项目的github主页

8、增加了窗口移动的功能，现在在程序空白区域可以移动窗口

9、整合了资源文件，icon文件不再出现在文件夹中

10、修改了不同组件的鼠标显示

11、增加了部分组件的tooltip（鼠标悬停时出现的提示）

----------------------------------

2022-12-19

版本1.1.1 → 1.1.2

1、解决了点击登录后程序卡死，等反应过后才会等待关闭的问题。

2、更新了账号列表排序的逻辑，现在不以账号长度排序，以最后登录时间排序

3、增加了鼠标指针悬浮在账号上会显示昵称和时间的功能

----------------------------------

2022-12-15
版本1.1.0 → 1.1.1
Version 1.1.0 → 1.1.1

1、将点击登录按钮后的自动关闭程序 延迟减少1.5s 现为0.5s
1、Reduce the delay of automatically closing the program after clicking the login button by 1.5s to 0.5s now

2、新增打开steam个人设置目录的功能 .\Steam\userdata\xxxx
2、Add function to open steam personal config .\Steam\userdata\xxxx

3、未使用管理员模式运行的时候 弹窗提示错误
3、When running in the non administrator mode, an error message pops up

----------------------------------